[    0.000000] Linux version 4.15.0-50-generic (buildd@lcy01-amd64-013) (gcc version 7.3.0 (Ubuntu 7.3.0-16ubuntu3)) #54-Ubuntu SMP Mon May 6 18:46:08 UTC 2019 (Ubuntu 4.15.0-50.54-generic 4.15.18)
[    0.000000] Command line: BOOT_IMAGE=/boot/vmlinuz-4.15.0-50-generic root=UI=fc49ed4-d17-49697d4-eaccf2a1ab20 ro console=tty1 console=ttyS0
[    0.000000] KERNEL supported cpus:
[    0.000000]   Intel GenuineIntel
[    0.000000]   AMD AuthenticAMD
[    0.000000]   Centaur CentaurHauls
[    0.000000] x86/fpu: Supporting XSAVE feature 0x001: 'x87 oating point registers'
[    0.000000] x86/fpu: Supporting XSAVE feature 0x002: 'SSE registers'
[    0.000000] x86/fpu: Supporting XSAVE featu 0004: 'AVX registers'
[    0.000000] x86/fpu: xstate_offset[2]:  576, xstate_sizes[2]:  256
[    0.000000] x86/fpu: Enabled xstatefetues 0x7, coext size is 832 bytes, using 'standard' format.
[    0.000000] e820: BIOS-provided physical RAM map:
[    0.000000] BIOS-e820: [mem 0x0000000000000000-0x000000000009fbff] usable
[    0.000000] BIOS-e820: [mem 0x000000000009fc00-0x000000000009ffff] reserved
[    0.000000] BIOS-e820: [mem 0x00000000000f0000-0x00000000000fffff] reserved
[    0.000000] BIOS-e820: [mem 0x0000000000100000-0x000000003ffeffff] usable
[    0.000000] BIOS-e820: [mem 0x000000003fff0000-0x000000003fffffff] ACPI data
[    0.000000] BIOS-e820: [mem 0x00000000fec00000-0x00000000fec00fff] reserved
[    0.000000] BIOS-e820: [mem 0x00000000fee00000-0x00000000fee00fff] reserved
[    0.000000] BIOS-e820: [mem 0x00000000fffc0000-0x00000000ffffffff] reserved
[    0.000000] NX (Execute Disable) protection: active
[    0.000000] SMBIOS 2.5 present.
[    0.000000] DMI: innotek GmbH VirtualBox/VirtualBox, BIOS VirtualBox 12/01/2006
[    0.000000] Hypervisor detected: KVM
[    0.000000] e820: last_pfn = 0x3fff0 max_arch_pfn = 0x400000000
[    0.000000] MTRR: Disabled
[    0.000000] x86/PAT: MTRRs disabled, skipping PAT initialization too.
[    0.000000] CPU MTRRs all blank - virtualized system.
[    0.0000000] x86/PAT: Configuration [0-7]: WB  WT  UC- UC  WB  WT  UC- UC  
[    0.000000] found SMP MP-table at [mem 0x0009fff0-0x0009ffff] mapped at [        (ptrval)]
[    0.000000] Scanning 1 areas for low memory corruption
[    0.000000] RMDISK: [mem 0x39d300-x36ce0f]
[    0.000] API Erly table ecsum verification disabled
[    0.000000] ACPI: RSDP 0x00000000000E0000 000024 (v02 VBOX  )
[    0.000000] ACPI: XSDT 0x000000003FFF00300003C(v1 BOX   VBOXXSD 0000001ASL  0000061)    0.0000]ACPI: FACP 0x000003FFF00F0 000F4(v4 VBOX   VBOXFACP 00000001 ASL  00000061)
[    0.000000] ACPI: DSDT 0x000000003FFF0470 0021FF (v02 VBOX   VBOXBIOS 00000002 INTL 20100528)
[    0.000000] ACPI: FACS 0x000000003FFF0200 000040
[    0.000000] ACPI: FACS 000000003F000 000040
[    0.000000] ACPI: APIC 0x000000003FFF0240 00005C (v02 VBOX   VBOXAPIC 00000001 ASL  00000061)
[    0.000000] ACPI: SSDT 0x000000003FFF02A0 0001CC (v01 VBOX   VBOXCPUT 00000002 INTL 20100528)
    0.000000 N NMA conigration found
[    0.000000] Faking a node at [mem 0x0000000000000000-0x000000003ffeffff]
[    0.000000]ODE_DATA(0) allocated [mem 0x3ffc5000-0x3ffeffff]
[    0.000000] kvm-clock: cpu 0, msr 0:3ff44001, primary cpu clock
[    0.000000] kvm-clock: Using msrs 4b564d01 and 4b564d00
[    0.000000] kvm-clock: using sched offset of 4069834624 cycles
[    0.000000] clocksource: kvm-clock: mask: 0xffffffffffffffff max_cycles: 0x1cd42e4dffb, max_idle_ns: 881590591483 ns
[    0.000000] Zone ranges:
[    0.000000]   DMA      [mem 0x0000000000001000-0x0000000000ffffff]
[    0.000000]  DMA32    [mem 0x0000000001000000-0x000000003ffeffff]
[    0.000000]   Normal   empty
[    0.000000]   Device   empty
[    0.000000] Movable zone start for each node
[    0.000000] Early memory node ranges
[    0.000000]   node   0: [mem 0x0000000000001000-0x000000000009efff]
[    0.000000]   node   0: [mem 0x0000000000100000-0x000000003ffeffff]
[    0.0000000] Reserved but unavailable: 114 pages
[    0.000000] Initmem setup node 0 [mem 0x0000000000001000-0x000000003ffeffff]
[    0.000000] ACPI: PM-Timer IO Port: 0x4008
[    0.000000] IOAPIC[0]: pi_id 2 vrson 32, address 0xfec00000, GSI 0-23
[   .00000] ACPI: NTSR_OVR (bus 0 bus_irq 0 global_irq 2 dfl dfl)
[    0.000000] ACPI: INT_SRC_OVR (bus 0 bus_iq 9 lob_iq 9 low leve
[    0.000000] Using PI(MADT) for SMP configurion informtin
[    0.00000 spboot: Allowg 2 CPs,0 hoplug CPUs
[    0.000000PM: Registed nsaveemry: [m 000000000-0x00000fff]
[   .00000] M:Registered nosave memory: [mem 0x0009f000-0x0009ffff]
[    0.000000] PM: Registered nosave memory: [mem 0x000a0000-0x000effff]
[    0.000000] PM: Registered nosave memory: [mem 0x000f0000-0x000fffff]
[    0.000000] e820: [mem 0x4000000-0xfebfffff] available for PCI devices
[    0.000000] Booting paravirtualized kernel on KVM
[    0.000000] clocksource: refined-jiffies: mask: 0xffffffff max_cycles: 0xffffffff, max_idle_ns: 7645519600211568 ns
[    0.000000] random: get_random_bytes called from start_kernel+0x99/0x4fd with crng_init=0
[    0.000000] setup_percpu: NR_CUS:8192 nr_cpumask_bits:2 nr_cpu_ids:2 nr_node_ids:1
[    0.000000] percpu: Embedded 46 pages/cpu @        (ptrval) s151552 r8192 d28672 u1048576
[    0.000000] PV qspinlock hash table entries: 256 (order: 0, 4096 bytes)    0.0000] uillt 1 zonelists, mobility grouping n.  otalpages: 2573
[    0.000000] Policy zone: DMA32
[    0.0000] Kernel command line: BOOT_IMAGE=/boot/vmlinuz-4.15.0-50-generic root=UUID=fcc49ed4-d171-4f96-97d4-eaccf2a1b2 r console=tty1 console=ttyS0
[    0.0000 Memor: 83064K/1048120K available (12300K kernel cod, 24K wdata, 4276K roddata 212K init, 2416K bss, 65056K reserved, 0K cma-reserved)
[    0.00000] SLUB: HWalign=64, Order=0-3, MinObjects=0, CUs=2, Nodes=1
[    0.000000] Krnel/User page tables isolation: enabled
[    0.0000] trace: allocatig 39233 entries in 154 pages
[   0.004000 Hierarchical RCU implementation.
[    .0400] 	RCU restricting CPUs from NR_CPUS=8192 to nr_cpu_ids=2.
[    0.004000] 	Tasks RCU enabled.
[    0.004000] RCU: Adjusting geometry for cu_fanout_leaf=16, nr_cpu_ids2
[    0.004000] NR_IRQS: 524544, nr_irqs: 440, preallocated irqs: 16
[   0.004000] Console: colour VGA+ 80x25
[    0.004000] conle [tty1] enabled
[    0.004000] console [ttyS0] enabled
[    0.004000] ACPI: Core revision 20170831
[    0.004000] ACPI: 2 ACPI AML bles successfully acquired and loaded
[    0.004000]APC: Switch to symmetric I/O mode setup
[    0.004210] x2apic enabled
[    0.005279] Switched APIC routing to physical x2apic.
[    0.008445] ..TIMER: vector=0x30 apic1=0 pin1=2 apic2=-1 pin2=-1
[    0.012003] tsc: Detected 2495.998 MHz processor
[    0.013286] Calibrating delay loop (skipped) preset value.. 4991.99 BogoMIPS (lpj=9983992)
[    0.016004] pid_max: default: 32768 minimum: 301
[    0.017511] Security Framework initialized
[    0.020005] Yama: becoming mindful.
[    0.024031] AppArmor: AppArmor initialized
[    0.029451] Dentry cache hash table entries: 131072 (order: 8, 1048576 bytes)
[    0.032086] Inode-cache hash table entries: 65536 (order: 7, 524288 bytes)
[    0.036022] Mount-cache hash table entries: 2048 (order: 2, 16384 bytes)
[    0.040011] Mountpoint-cache hash table entries: 2048 (order: 2, 16384 bytes)
[    0.044206] mce: CPU supports 0 MCE banks
[    0.048022] Last level iTLB entries: 4KB 64, 2MB 8, 4MB 8
[    0.050244] Last level dTLB entries: 4KB 64, 2MB 0, 4MB 0, 1GB 4
[    0.052006] Spectre V2 : Mitigation: Full generic retpoline
[    0.056006] Spectre V2 : Spectre v2 / SpectreRSB mitigation: Filling RSB on context switch
[    0.060005] Speculative Store Bypass: Vulnerable
[    0.064042] MDS: Vulnerable: Clear CPU buffers attempted, no microcode
[    0.068073] Freeing SMP alternatives memory: 36K
[    0.076000] smpboot: CPU0: Intel(R) Core(TM) i7-7660U CPU @ 2.50GHz (family: 0x6, model: 0x8e, stepping: 0x9)
[    0.076081] Performance Events: unsupported p6 CPU model 142 no PMU driver, software events only.
[    0.080033] Hierarchical SRCU implementation.
[    0.084492] NMI watchdog: Perf event create on CPU 0 failed with -2
[    0.088008] NMI watchdog: Perf NMI watchdog permanently disabled
[    0.089667] smp: Bringing up secondary CPUs ...
[    0.092065] x86: Booting SMP configuration:
[    0.093410] .... node  #0, CPUs:      #1
[    0.004000] kvm-clock: cpu 1, msr 0:3ff44041, secondary cpu clock
[    0.004000] mce: CPU supports 0 MCE banks
[    0.112041] smp: Brought up 1 node, 2 CPUs
[    0.116009] smpboot: Max logical packages: 1
[    0.117399] smpboot: Total of 2 processors activated (9983.99 BogoMIPS)
[    0.120152] devtmpfs: initialized
[    0.124049] x86/mm: Memory block size: 128MB
[    0.128118] evm: security.selinux
[    0.132004] evm: security.SMACK64
[    0.136002] evm: security.SMACK64EXEC
[    0.140004] evm: security.SMACK64TRANSMUTE
[    0.144002] evm: security.SMACK64MMAP
[    0.145119] evm: security.apparmor
[    0.148002] evm: security.ima
[    0.152002] evm: security.capability
[    0.156111] clocksource: jiffies: mask: 0xffffffff max_cycles: 0xffffffff, max_idle_ns: 7645041785100000 ns
[    0.160007] futex hash table entries: 512 (order: 3, 32768 bytes)
[    0.164089] pinctrl core: initialized pinctrl subsystem
[    0.169451] RTC time: 12:01:12, date: 05/29/19
[    0.172193] NET: Registered protocol family 16
[    0.176071] audit: initializing netlink subsys (disabled)
[    0.180035] audit: type=2000 audit(1559131273.962:1): state=initialized audit_enabled=0 res=1
[    0.292011] cpuidle: using governor ladder
[    0.296009] cpuidle: using governor menu
[    0.297148] ACPI: bus type PCI registered
[    0.300005] acpiphp: ACPI Hot Plug PCI Controller Driver version: 0.5
[    0.304024] PCI: Using configuration type 1 for base access
[    0.305434] HugeTLB registered 2.00 MiB page size, pre-allocated 0 pages
[    0.308081] ACPI: Added _OSI(Module Device)
[    0.309193] ACPI: Added _OSI(Processor Device)
[    0.310491] ACPI: Added _OSI(3.0 _SCP Extensions)
[    0.312003] ACPI: Added _OSI(Processor Aggregator Device)
[    0.313543] ACPI: Added _OSI(Linux-Dell-Video)
[    0.316003] ACPI: Added _OSI(Linux-Lenovo-NV-HDMI-Audio)
[    0.317513] ACPI: Added _OSI(Linux-HPI-Hybrid-Graphics)
[    0.319469] ACPI: Executed 1 blocks of module-level executable AML code
[    0.324788] ACPI: Interpreter enabled
[    0.328025] ACPI: (supports S0 S5)
[    0.329290] ACPI: Using IOAPIC for interrupt routing
[    0.332408] PCI: Using host bridge windows from ACPI; if necessary, use "pci=nocrs" and report a bug
[    0.336440] ACPI: Enabled 2 GPEs in block 00 to 07
[    0.352841] ACPI: PCI Root Bridge [PCI0] (domain 0000 [bus 00-ff])
[    0.356046] acpi PNP0A03:00: _OSC: OS supports [ASPM ClockPM Segments MSI]
[    0.360053] acpi PNP0A03:00: _OSC: not requesting OS control; OS requires [ExtendedConfig ASPM ClockPM MSI]
[    0.364024] acpi PNP0A03:00: fail to add MMCONFIG information, can't access extended PCI configuration space under this bridge.
[    0.372197] PCI host bridge to bus 0000:00
[    0.374116] pci_bus 0000:00: root bus resource [io  0x0000-0x0cf7 window]
[    0.376010] pci_bus 0000:00: root bus resource [io  0x0d00-0xffff window]
[    0.380005] pci_bus 0000:00: root bus resource [mem 0x000a0000-0x000bffff window]
[    0.384011] pci_bus 0000:00: root bus resource [mem 0x40000000-0xfdffffff window]
[    0.385799] pci_bus 0000:00: root bus resource [bus 00-ff]
[    0.393873] pci 0000:00:01.1: legacy IDE quirk: reg 0x10: [io  0x01f0-0x01f7]
[    0.396008] pci 0000:00:01.1: legacy IDE quirk: reg 0x14: [io  0x03f6]
[    0.397471] pci 0000:00:01.1: legacy IDE quirk: reg 0x18: [io  0x0170-0x0177]
[    0.399701] pci 0000:00:01.1: legacy IDE quirk: reg 0x1c: [io  0x0376]
[    0.418017] pci 0000:00:07.0: quirk: [io  0x4000-0x403f] claimed by PIIX4 ACPI
[    0.420021] pci 0000:00:07.0: quirk: [io  0x4100-0x410f] claimed by PIIX4 SMB
[    0.433907] ACPI: PCI Interrupt Link [LNKA] (IRQs 5 9 10 *11)
[    0.440109] ACPI: PCI Interrupt Link [LNKB] (IRQs 5 9 *10 11)
[    0.444154] ACPI: PCI Interrupt Link [LNKC] (IRQs 5 *9 10 11)
[    0.448227] ACPI: PCI Interrupt Link [LNKD] (IRQs 5 9 10 *11)
[    0.452391] SCSI subsystem initialized
[    0.456081] pci 0000:00:02.0: vgaarb: setting as boot VGA device
[    0.460000] pci 0000:00:02.0: vgaarb: VGA device added: decodes=io+mem,owns=io+mem,locks=none
[    0.460011] pci 0000:00:02.0: vgaarb: bridge control possible
[    0.461550] vgaarb: loaded
[    0.464053] ACPI: bus type USB registered
[    0.468036] usbcore: registered new interface driver usbfs
[    0.472033] usbcore: registered new interface driver hub
[    0.476051] usbcore: registered new device driver usb
[    0.480108] EDAC MC: Ver: 3.0.0
[    0.484218] PCI: Using ACPI for IRQ routing
[    0.485968] NetLabel: Initializing
[    0.488009] NetLabel:  domain hash size = 128
[    0.489132] NetLabel:  protocols = UNLABELED CIPSOv4 CALIPSO
[    0.492067] NetLabel:  unlabeled traffic allowed by default
[    0.500005] clocksource: Switched to clocksource kvm-clock
[    0.520214] VFS: Disk quotas dquot_6.6.0
[    0.521509] VFS: Dquot-cache hash table entries: 5 (order 0, 4096 bytes)
[    0.573108] AppArmor: AppArmor Filesystem Enabled
[    0.574375] pnp: PnP ACPI init
[    0.7788] pnp: PnP ACPI: found 3 devices

[    0.642313] clocksource: acpi_pm: mask: 0xffffff max_cycles: 0xffffff, max_idle_ns: 2085701024 ns
[    0.644593] NET: Registered protocol family 2
[    0.672580] TCP established hash table entries: 8192 (order: 4, 65536 bytes)
[    0.674523] TCP bind hash table entries: 8192 (order: 5, 131072 bytes)
[    0682923] TCP: Hash tables configured (established 8192 bind 8192)
[   0.9120] UDP hash table entries: 512 (order: 2, 16384 bytes)
[    0.781741] UDP-Lite hash table entries: 512 (order: 2, 1684 bytes)
[    0.809290] NET: Registered protocol family 1
[    0.810816] pci 0000:00:00.0: Limiting direct PCI/PCI transfers
[    0.812297] pci 0000:00:01.0: Activating ISA DMA hang workarounds
[    0.813755] pci 0000:00:02.0: Video device with shadowed ROM at [mem 0x000c0000-0x000dffff]
[    0.816117] Unpacking initramfs...

[    1.124757] Freeing initrd memory: 19512K
[    1.148589] clocksource: tsc: mask: 0xffffffffffffffff max_cycles: 0x23fa754787d, max_idle_ns: 440795210092 ns
[    1.183295] platform rtc_cmos: registered platform RTC device (no PNP device found)
[    1.186520] Scanning for low memory corruption every 60 seconds
[    1.197255] Initialise system trusted keyrings
[    1.198740] Key type blacklist registered
[    1.200524] workingset: timestamp_bits=36 max_order=18 bucket_order=0
[    1.215965] zbud: loaded
[    1.221929] squashfs: version 4.0 (2009/01/31) Phillip Lougher
[    1.226771] fuse init (API version 7.26)
[    1.233917] Key type asymmetric registered
[    1.240926] Asymmetric key parser 'x509' registered
[    1.257356] Block layer SCSI generic (bsg) driver version 0.4 loaded (major 246)
[    1.265836] io scheduler noop registered
[    1.267378] io scheduler deadline registered
[    1.269201] io scheduler cfq registered (default)
[    1.274017] ACPI: AC Adapter [AC] (off-line)
[    1.283788] input: Power Button as /devices/LNXSYSTM:00/LNXPWRBN:00/input/input0
[    1.293681] ACPI: Power Button [PWRF]
[    1.296925] input: Sleep Button as /devices/LNXSYSTM:00/LNXSLPBN:00/input/input1
[    1.302709] ACPI: Sleep Button [SLPF]
[    1.308404] Serial: 8250/16550 driver, 32 ports, IRQ sharing enabled
[    1.309850] ACPI: Battery Slot [BAT0] (battery present)
[    1.365689] 00:02: ttyS0 at I/O 0x3f8 (irq = 4, base_baud = 115200) is a 16550A
[    1.380979] Linux agpgart interface v0.103
[    1.390796] loop: module loaded
[    1.425766] scsi host0: ata_piix
[    1.455061] scsi host1: ata_piix
[    1.471582] ata1: PATA max UDMA/33 cmd 0x1f0 ctl 0x3f6 bmdma 0xd000 irq 14
[    1.473411] ata2: PATA max UDMA/33 cmd 0x170 ctl 0x376 bmdma 0xd008 irq 15
[    1.475348] libphy: Fixed MDIO Bus: probed
[    1.525678] tun: Universal TUN/TAP device driver, 1.6
[    1.535757] PPP generic driver version 2.4.2
[    1.537280] ehci_hcd: USB 2.0 'Enhanced' Host Controller (EHCI) Driver
[    1.540246] ehci-pci: EHCI PCI platform driver
[    1.541481] ehci-platform: EHCI generic platform driver
[    1.543581] ohci_hcd: USB 1.1 'Open' Host Controller (OHCI) Driver
[    1.549407] ohci-pci: OHCI PCI platform driver
[    1.561231] ohci-platform: OHCI generic platform driver
[    1.571255] uhci_hcd: USB Universal Host Controller Interface driver
[    1.573105] i8042: PNP: PS/2 Controller [PNP0303:PS2K,PNP0f03:PS2M] at 0x60,0x64 irq 1,12
[    1.589102] serio: i8042 KBD port at 0x60,0x64 irq 1
[    1.590614] serio: i8042 AUX port at 0x60,0x64 irq 12
[    1.604938] mousedev: PS/2 mouse device common for all mice
[    1.606930] input: AT Translated Set 2 keyboard as /devices/platform/i8042/serio0/input/input2
[    1.610261] rtc_cmos rtc_cmos: rtc core: registered rtc_cmos as rtc0
[    1.626782] rtc_cmos rtc_cmos: alarms up to one day, 114 bytes nvram
[    1.628712] i2c /dev entries driver
[    1.629690] pcie_mp2_amd: AMD(R) PCI-E MP2 Communication Driver Version: 1.0
[    1.631608] device-mapper: uevent: version 1.0.3
[    1.633139] device-mapper: ioctl: 4.37.0-ioctl (2017-09-20) initialised: dm-devel@redhat.com
[    1.682143] ledtrig-cpu: registered to indicate activity on CPUs
[    1.690740] NET: Registered protocol family 10
[    1.709826] Segment Routing with IPv6
[    1.725329] NET: Registered protocol family 17
[    1.726807] Key type dns_resolver registered
[    1.749371] RAS: Correctable Errors collector initialized.
[    1.776737] sched_clock: Marking stable (1776701378, 0)->(6635312086, -4858610708)
[    1.779975] registered taskstats version 1
[    1.793198] Loading compiled-in X.509 certificates
[    1.802682] Loaded X.509 cert 'Build time autogenerated kernel key: 0d5cb4b7de8533fd8e7240d711ae9d354ea3dca1'
[    1.821202] zswap: loaded using pool lzo/zbud
[    1.848468] Key type big_key registered
[    1.876515] Key type trusted registered
[    1.879634] Key type encrypted registered
[    1.893143] AppArmor: AppArmor sha1 policy hashing enabled
[    1.894938] ima: No TPM chip found, activating TPM-bypass! (rc=-19)
[    1.904676] ima: Allocated hash algorithm: sha1
[    1.921530] evm: HMAC attrs: 0x1
[    1.923402]   Magic number: 3:407:27
[    1.929014] rtc_cmos rtc_cmos: setting system clock to 2019-05-29 12:01:14 UTC (1559131274)
[    1.934959] BIOS EDD facility v0.16 2004-Jun-25, 0 devices found
[    1.942345] EDD information not available.
[    1.960829] Freeing unused kernel image memory: 2412K
[    1.989513] Write protecting the kernel read-only data: 20480k
[    1.992884] Freeing unused kernel image memory: 2008K
[    1.998697] Freeing unused kernel image memory: 1868K
[    2.005323] x86/mm: Checked W+X mappings: passed, no W+X pages found.
[    2.007284] x86/mm: Checking user space page tables
[    2.015766] x86/mm: Checked W+X mappings: passed, no W+X pages found.
Loading, please wait...
starting version 237
[    2.273864] e1000: Intel(R) PRO/1000 Network Driver - version 7.3.21-k8-NAPI
[    2.280794] e1000: Copyright (c) 1999-2006 Intel Corporation.
[    2.306393] AVX2 version of gcm_enc/dec engaged.
[    2.333323] AES CTR mode by8 optimization enabled
[    2.335367] Fusion MPT base driver 3.04.20
[    2.348465] Copyright (c) 1999-2008 LSI Corporation
[    2.371259] Fusion MPT SPI Host driver 3.04.20
[    2.545460] input: ImExPS/2 Generic Explorer Mouse as /devices/platform/i8042/serio1/input/input4
[    2.863808] e1000 0000:00:03.0 eth0: (PCI:33MHz:32-bit) 02:5c:19:d6:ac:b9
[    2.876833] e1000 0000:00:03.0 eth0: Intel(R) PRO/1000 Network Connection
[    3.358352] e1000 0000:00:08.0 eth1: (PCI:33MHz:32-bit) 08:00:27:df:aa:fe
[    3.372389] e1000 0000:00:08.0 eth1: Intel(R) PRO/1000 Network Connection
[    3.387905] e1000 0000:00:08.0 enp0s8: renamed from eth1
[    3.389808] mptbase: ioc0: Initiating bringup
[    3.404390] e1000 0000:00:03.0 enp0s3: renamed from eth0
[    3.492650] ioc0: LSI53C1030 A0: Capabilities={Initiator}
[    3.747293] scsi host2: ioc0: LSI53C1030 A0, FwRev=00000000h, Ports=1, MaxQ=256, IRQ=20
[    3.917206] scsi 2:0:0:0: Direct-Access     VBOX     HARDDISK         1.0  PQ: 0 ANSI: 5
[    3.964573] scsi target2:0:0: Beginning Domain Validation
[    4.065383] scsi target2:0:0: Domain Validation skipping write tests
[    4.117130] scsi target2:0:0: Ending Domain Validation
[    4.121779] scsi target2:0:0: asynchronous
[    4.192567] scsi 2:0:1:0: Direct-Access     VBOX     HARDDISK         1.0  PQ: 0 ANSI: 5
[    5.137848] scsi target2:0:1: Beginning Domain Validation
[    5.361182] random: fast init done
[    5.790600] scsi target2:0:1: Domain Validation skipping write tests
[    5.798076] scsi target2:0:1: Ending Domain Validation
[    5.799501] scsi target2:0:1: asynchronous
[    5.806573] random: systemd-udevd: uninitialized urandom read (16 bytes read)
[    5.807369] sd 2:0:0:0: Attached scsi generic sg0 type 0
[    5.807511] sd 2:0:1:0: Attached scsi generic sg1 type 0
[    5.807796] sd 2:0:0:0: [sda] 20971520 512-byte logical blocks: (10.7 GB/10.0 GiB)
[    5.807826] sd 2:0:1:0: [sdb] 20480 512-byte logical blocks: (10.5 MB/10.0 MiB)
[    5.807847] sd 2:0:1:0: [sdb] Write Protect is off
[    5.807856] sd 2:0:0:0: [sda] Write Protect is off
[    5.807901] sd 2:0:1:0: [sdb] Incomplete mode parameter data
[    5.807902] sd 2:0:1:0: [sdb] Assuming drive cache: write through
[    5.807953] sd 2:0:0:0: [sda] Incomplete mode parameter data
[    5.807954] sd 2:0:0:0: [sda] Assuming drive cache: write through
[    5.815006]  sda: sda1
[    5.816812] sd 2:0:0:0: [sda] Attached SCSI disk
[    5.817070] sd 2:0:1:0: [sdb] Attached SCSI disk
[    5.969020] random: systemd-udevd: uninitialized urandom read (16 bytes read)
[    5.971026] random: systemd-udevd: uninitialized urandom read (16 bytes read)
Begin: Loading essential drivers ... [    7.404388] raid6: sse2x1   gen() 11281 MB/s
[    7.452355] raid6: sse2x1   xor()  7720 MB/s
[    7.528864] raid6: sse2x2   gen() 15134 MB/s
[    7.594535] raid6: sse2x2   xor() 11154 MB/s
[    7.660706] raid6: sse2x4   gen() 18378 MB/s
[    7.708431] raid6: sse2x4   xor()  9245 MB/s
[    7.772303] raid6: avx2x1   gen() 21635 MB/s
[    7.820426] raid6: avx2x1   xor() 13921 MB/s
[    7.868092] raid6: avx2x2   gen() 24412 MB/s
[    7.936093] raid6: avx2x2   xor() 14878 MB/s
[    7.984092] raid6: avx2x4   gen() 28740 MB/s
[    8.052097] raid6: avx2x4   xor() 17624 MB/s
[    8.055282] raid6: using algorithm avx2x4 gen() 28740 MB/s
[    8.057818] raid6: .... xor() 17624 MB/s, rmw enabled
[    8.075353] raid6: using avx2x2 recovery algorithm
[    8.098344] xor: automatically using best checksumming function   avx       
[    8.104000] async_tx: api initialized (async)
done.
Begin: Running /scripts/init-premount ... done.
Begin: Mounting root file system ... Begin: Running /scripts/local-top ... done.
Begin: Running /scripts/local-premount ... [    8.188961] Btrfs loaded, crc32c=crc32c-intel
Scanning for Btrfs filesystems
done.
Warning: fsck no[    8.239852] EXT4-fs (sda1): mounted filesystem with ordered data mode. Opts: (null)
t present, so skipping root file system
done.
Begin: Running /scripts/local-bottom ... done.
Begin: Running /scripts/init-bottom ... done.
[    8.484127] ip_tables: (C) 2000-2006 Netfilter Core Team
[    8.493722] systemd[1]: systemd 237 running in system mode. (+PAM +AUDIT +SELINUX +IMA +APPARMOR +SMACK +SYSVINIT +UTMP +LIBCRYPTSETUP +GCRYPT +GNUTLS +ACL +XZ +LZ4 +SECCOMP +BLKID +ELFUTILS +KMOD -IDN2 +IDN -PCRE2 default-hierarchy=hybrid)
[    8.504260] systemd[1]: Detected virtualization oracle.
[    9.062780] systemd[1]: Detected architecture x86-64.

Welcome to [1mUbuntu 18.04.2 LTS[0m!

[    9.195107] systemd[1]: Set hostname to <ubuntu-bionic>.
[    9.463566] systemd[1]: Created slice User and Session Slice.
[[0;32m  OK  [0m] Created slice User and Session Slice.
[   10.172616] systemd[1]: Reached target Swap.
[[0;32m  OK  [0m] Reached target Swap.
[   11.077906] systemd[1]: Started Forward Password Requests to Wall Directory Watch.
[[0;32m  OK  [0m] Started Forward Password Requests to Wall Directory Watch.
[   11.111714] systemd[1]: Reached target System Time Synchronized.
[[0;32m  OK  [0m] Reached target System Time Synchronized.
[   12.103095] systemd[1]: Reached target User and Group Name Lookups.
[[0;32m  OK  [0m] Reached target User and Group Name Lookups.
[   12.174159] systemd[1]: Set up automount Arbitrary Executable File Formats File System Automount Point.
[[0;32m  OK  [0m] Set up automount Arbitrary Executab…rmats File System Automount Point.
[[0;32m  OK  [0m] Created slice System Slice.
[[0;32m  OK  [0m] Reached target Slices.
[[0;32m  OK  [0m] Listening on LVM2 metadata daemon socket.
[[0;32m  OK  [0m] Listening on Journal Socket (/dev/log).
[[0;32m  OK  [0m] Listening on udev Kernel Socket.
[[0;32m  OK  [0m] Listening on Journal Socket.
         Mounting Huge Pages File System...
         Starting Set the console keyboard layout...
         Starting Create list of required st…ce nodes for the current kernel...
         Starting Uncomplicated firewall...
         Mounting Kernel Debug File System...
[[0;32m  OK  [0m] Listening on Syslog Socket.
[[0;32m  OK  [0m] Listening on udev Control Socket.
         Starting Remount Root and Kernel File Systems...
         Mounting POSIX Message Queue File System...
         Starting udev Coldplug [   13.304438] EXT4-fs (sda1): re-mounted. Opts: (null)
all Devices...
[[0;32m  OK  [0m] Listening on Journal Audit Socket.
         Starting Journal Service...
[[0;32m  OK  [0m] Listening on Network Service Netlink Socket.
[[0;32m  OK  [0m] Listening on Device-mapper event daemon FIFOs.
         Starting Monitoring of LVM2 mirrors…ng dmeventd or progress polling...
[[0;32m  OK  [0m] Listening on /dev/initctl Compatibility Named Pipe.
[[0;32m  OK  [0m] Listening on LVM2 poll daemon socket.
[[0;32m  OK  [0m] Created slice system-serial\x2dgetty.slice.
         Starting Load Kernel Mo[   13.404691] Loading iSCSI transport class v2.0-870.
dules...
[[0;32m  OK  [0m] Started Journal Service.
[   13.418661] iscsi: registered transport (tcp)
[[0;32m  OK  [0m] Mounted Huge Pages File System.
[   13.451316] iscsi: registered transport (iser)
[[0;32m  OK  [0m] Started Set the console keyboard layout.
[[0;32m  OK  [0m] Started Create list of required sta…vice nodes for the current kernel.
[[0;32m  OK  [0m] Started Uncomplicated firewall.
[[0;32m  OK  [0m] Mounted Kernel Debug File System.
[[0;32m  OK  [0m] Started Remount Root and Kernel File Systems.
[[0;32m  OK  [0m] Mounted POSIX Message Queue File System.
[[0;32m  OK  [0m] Started Load Kernel Modules.
[[0;32m  OK  [0m] Started LVM2 metadata daemon.
         Starting Apply Kernel Variables...
         Mounting FUSE Control File System...
         Mounting Kernel Configuration File System...
         Starting Load/Save Random Seed...
         Starting Create Static Device Nodes in /dev...
         Starting Flush Journal to Persistent Storage...
[[0;32m  OK  [0m] Mounted FUSE Control File System.
[[0;32m  OK  [0m] Started Monitoring of LVM2 mirrors,…sing dmeventd or progress polling.
[[0;32m  OK  [0m] Started udev Coldplug all Devices.
[[0;32m  OK  [0m] Started Apply Kernel Variables.
[[0;32m  OK  [0m] Mounted Kernel Configuration File System.
[[0;32m  OK  [0m] Started Load/Save Random Seed.
[[0;32m  OK  [0m] Started Create Static Device Nodes in /dev.
         Starting udev Kernel Device Manager...
[[0;32m  OK  [0m] Reached target Local File Systems (Pre).
[[0;32m  OK  [0m] Reached target Local File Systems.
         Starting ebtables ruleset management...
         Starting AppArmor initialization...
         Starting Tell Plymouth To Write Out Runtime Data...
         Starting Set console font and keymap...
[[0;32m  OK  [0m] Started udev Kernel Device Manager.
[[0;32m  OK  [0m] Started Dispatch Password Requests to Console Directory Watch.
[[0;32m  OK  [0m] Reached target Local Encrypted Volumes.
[[0;32m  OK  [0m] Started Tell Plymouth To Write Out Runtime Data.
[[0;32m  OK  [0m] Started Set console font and keymap.
[[0;32m  OK  [0m] Started Flush Journal to Persistent Storage.
         Starting Create Volatile Files and Directories...
[[0;32m  OK  [0m] Started Create Volatile Files and Directories.
         Starting Update UTMP about System Boot/Shutdown...
[[0;32m  OK  [0m] Started ebtables ruleset management.
[[0;32m  OK  [0m] Started Update UTMP about System Boot/Shutdown.
[[0;32m  OK  [0m] Found device /dev/ttyS0.
[[0;32m  OK  [0m] Listening on Load/Save RF Kill Switch Status /dev/rfkill Watch.
[[0;32m  OK  [0m] Started AppArmor initialization.
         Starting Initial cloud-init job (pre-networking)...
[   15.780049] cloud-init[530]: Cloud-init v. 18.5-45-g3554ffe8-0ubuntu1~18.04.1 running 'init-local' at Wed, 29 May 2019 12:01:28 +0000. Up 15.58 seconds.
[[0;32m  OK  [0m] Started Initial cloud-init job (pre-networking).
[[0;32m  OK  [0m] Reached target Network (Pre).
         Starting Network Service...
[[0;32m  OK  [0m] Started Network Service.
         Starting Network Name Resolution...
         Starting Wait for Network to be Configured...
[[0;32m  OK  [0m] Started Network Name Resolution.
[[0;32m  OK  [0m] Reached target Host and Network Name Lookups.
[[0;32m  OK  [0m] Reached target Network.
[[0;32m  OK  [0m] Started Wait for Network to be Configured.
         Starting Initial cloud-init job (metadata service crawler)...
[   17.938083] cloud-init[701]: Cloud-init v. 18.5-45-g3554ffe8-0ubuntu1~18.04.1 running 'init' at Wed, 29 May 2019 12:01:30 +0000. Up 17.82 seconds.
[   17.988257] cloud-init[701]: ci-info: ++++++++++++++++++++++++++++++++++++++Net device info+++++++++++++++++++++++++++++++++++++++
[   18.020781] cloud-init[701]: ci-info: +--------+------+-----------------------------+---------------+--------+-------------------+
[   18.035334] cloud-init[701]: ci-info: | Device |  Up  |           Address           |      Mask     | Scope  |     Hw-Address    |
[   18.042656] cloud-init[701]: ci-info: +--------+------+-----------------------------+---------------+--------+-------------------+
[   18.112721] cloud-init[701]: ci-info: | enp0s3 | True |          10.0.2.15          | 255.255.255.0 | global | 02:5c:19:d6:ac:b9 |
[[0;32m  OK  [0m] Started Initial cloud-init job (metadata service crawler).
[[0;32m  OK  [0m] Reached target Network is Online.
[   18.191327] cloud-init[701]: ci-info: | enp0s3 | True |  fe80::5c:19ff:fed6:acb9/64 |       .       |  link  | 02:5c:19:d6:ac:b9 |
         Starting Availability of block devices...
[[0;32m  OK  [0m] Reached target Remote File Systems (Pre).
[[0;32m  OK  [0m] Reached target Remote File Systems.
[[0;32m  OK  [0m] Reached target System Initialization.
[   18.204392] cloud-init[701]: ci-info: | enp0s8 | True |        192.168.33.10        | 255.255.255.0 | global | 08:00:27:df:aa:fe |
[   18.215129]          Starting LXD - unix socket.
[[0;32m  OK  [0m] Listening on ACPID Listen Socket.
[[0;32m  OK  [0m] Listening on Open-iSCSI iscsid Socket.
[[0;32m  OK  [0m] Listening on D-Bus System Message Bus Socket.
cloud-init[701]: ci-info: | enp0s8 | True | fe80::a00:27ff:fedf:aafe/64 |       .       |  link  | 08:00:27:df:aa:fe |
[[0;32m  OK  [0m] Started Daily apt download activities.
[[0;32m  OK  [0m] Started Daily apt upgrade and clean activities.
[   18.218297] cloud-init[701]: ci-info: |   lo   | True |          127.0.0.1          |   255.0.0.0   |  host  |         .         |
[[0;32m  OK  [0m] Started Daily Cleanup of Temporary Directories.
[[0;32m  OK  [0m] Listening on UUID daemon activation socket.
[   18.257104] cloud-init[701]: [[0;32m  OK  [0m] Started ACPI Events Check.
ci-info: |   lo   | True |           ::1/128           |       .       |  host  |         .         |
         Starting Socket activation for snappy daemon.
[[0;32m  OK  [0m] Started Message of the Day.
[[0;32m  OK  [0m] Started Discard unused blocks once a week.
[[0;32m  OK  [0m] Reached target Timers.
[[0;32m  OK  [0m] Reached target Paths.
[[0;32m  OK  [0m] Reached target Cloud-config availability.
[[0;32m  OK  [0m] Started Availability of block devices.
[   18.287619] [cloud-init[0;32m  OK  [0m[701]: ] ci-info: +--------+------+-----------------------------+---------------+--------+-------------------+Listening on LXD - unix socket.

[[0;32m  OK  [0m] Listening on Socket activation for snappy daemon.
[   18.298288] [[0;32m  OK  [0m] Reached target Sockets.
[[0;32m  OK  [0m] Reached target Basic System.
cloud-init[701]: ci-info: +++++++++++++++++++++++++++++Route IPv4 info+++++++++++++++++++++++++++++
[   18.302700] cloud-init[701]: ci-info: +-------+--------------+----------+-----------------+-----------+-------+
[   18.302775] cloud-init[701]: ci-info: | Route | Destination  | Gateway  |     Genmask     | Interface | Flags |
[   18.302831] cloud-init[701]: ci-info: +-------+--------------+----------+-----------------+-----------+-------+
[   18.302877] cloud-init[701]: ci-info: |   0   |   0.0.0.0    | 10.0.2.2 |     0.0.0.0     |   enp0s3  |   UG  |
[   18.302922] cloud-init[701]: ci-info: |   1   |   10.0.2.0   | 0.0.0.0  |  255.255.255.0  |   enp0s3  |   U   |
[   18.302966] cloud-init[701]: ci-info: |   2   |   10.0.2.2   | 0.0.0.0  | 255.255.255.255 |   enp0s3  |   UH  |
[   18.303013] cloud-init[701]: ci-info: |   3   | 192.168.33.0 | 0.0.0.0  |  255.255.255.0  |   enp0s8  |   U   |
[   18.303059] cloud-init[701]: ci-info: +-------+--------------+----------+-----------------+-----------+-------+
[   18.303391] cloud-init[701]: ci-info: +++++++++++++++++++Route IPv6 info+++++++++++++++++++
[   18.303453] cloud-init[701]: ci-info: +-------+-------------+---------+-----------+-------+
[   18.303505] cloud-init[701]: ci-info: | Route | Destination | Gateway | Interface | Flags |
[   18.303550] cloud-init[701]: ci-info: +-------+-------------+---------+-----------+-------+
[   18.303590] cloud-init[701]: ci-info: |   1   |  fe80::/64  |    ::   |   enp0s8  |   U   |
[   18.303629] cloud-init[701]: ci-info: |   2   |  fe80::/64  |    ::   |   enp0s3  |   U   |
[   18.303682] cloud-init[701]: ci-info: |   4   |    local    |    ::   |   enp0s3  |   U   |
[   18.303727] cloud-init[701]: ci-info: |   5   |    local    |    ::   |   enp0s8  |   U   |
[   18.303769] cloud-init[701]: ci-info: |   6   |   ff00::/8  |    ::   |   enp0s8  |   U   |
[   18.303812] cloud-init[701]: ci-info: |   7   |   ff00::/8  |    ::   |   enp0s3  |   U   |
[   18.303856] cloud-init[701]: ci-info: +-------+-------------+---------+-----------+-------+
[[0;32m  OK  [0m] Started D-Bus System Message Bus.
         Starting Accounts Service...
         Starting vboxadd.service...
         Starting OpenBSD Secure Shell server...
         Starting System Logging Service...
[[0;32m  OK  [0m] Started FUSE filesystem for LXC.
[[0;32m  OK  [0m] Started irqbalance daemon.
[[0;32m  OK  [0m] Started Deferred execution scheduler.
         Starting Login Service...
         Starting Dispatcher daemon for systemd-networkd...
         Starting Permit User Sessions...
         Starting LXD - container startup/shutdown...
         Starting LSB: Record successful boot for GRUB...
         Starting Snappy daemon...
         Starting LSB: automatic crash report generation...
[[0;32m  OK  [0m] Started Regular background program processing daemon.
[[0;32m  OK  [0m] Started System Logging Service.
[[0;32m  OK  [0m] Started Permit User Sessions.
[[0;32m  OK  [0m] Started Login Service.
[[0;32m  OK  [0m] Started Unattended Upgrades Shutdown.
         Starting Terminate Plymouth Boot Screen...
         Starting Hold until boot process finishes up...
[[0;32m  OK  [0m] Started Hold until boot process finishes up.
         Starting Set console scheme...
[[0;32m  OK  [0m] Started Serial Getty on ttyS0.
[[0;32m  OK  [0m] Started Terminate Plymouth Boot Screen.
[[0;32m  OK  [0m] Started Set console scheme.
[[0;32m  OK  [0m] Created slice system-getty.slice.
[[0;32m  OK  [0m] Started Getty on tty1.
[[0;32m  OK  [0m] Reached target Login Prompts.
         Starting Authorization Manager...
[[0;32m  OK  [0m] Started OpenBSD Secure Shell server.
[[0;32m  OK  [0m] Started LSB: Record successful boot for GRUB.
[[0;32m  OK  [0m] Started Authorization Manager.
[[0;32m  OK  [0m] Started Accounts Service.
[[0;32m  OK  [0m] Started LSB: automatic crash report generation.
[[0;32m  OK  [0m] Started LXD - container startup/shutdown.
[[0;32m  OK  [0m] Started Dispatcher daemon for systemd-networkd.
[[0;32m  OK  [0m] Started Snappy daemon.
         Starting Wait until snapd is fully seeded...
[[0;32m  OK  [0m] Started vboxadd.service.
[[0;32m  OK  [0m] Started Wait until snapd is fully seeded.
         Starting Apply the settings specified in cloud-config...
         Starting vboxadd-service.service...
[[0;32m  OK  [0m] Started vboxadd-service.service.
[[0;32m  OK  [0m] Reached target Multi-User System.
[[0;32m  OK  [0m] Reached target Graphical Interface.
         Starting Update UTMP about System Runlevel Changes...
[[0;32m  OK  [0m] Started Update UTMP about System Runlevel Changes.
[   20.408798] cloud-init[1146]: Cloud-init v. 18.5-45-g3554ffe8-0ubuntu1~18.04.1 running 'modules:config' at Wed, 29 May 2019 12:01:32 +0000. Up 20.32 seconds.
[[0;32m  OK  [0m] Started Apply the settings specified in cloud-config.
         Starting Execute cloud user/final scripts...
[   20.880417] cloud-init[1220]: Cloud-init v. 18.5-45-g3554ffe8-0ubuntu1~18.04.1 running 'modules:final' at Wed, 29 May 2019 12:01:33 +0000. Up 20.80 seconds.
[[   20.976329] cloud-init[1220]: Cloud-init v. 18.5-45-g3554ffe8-0ubuntu1~18.04.1 finished at Wed, 29 May 2019 12:01:33 +0000. Datasource DataSourceNoCloud [seed=/dev/sdb][dsmode=net].  Up 20.87 seconds
[0;32m  OK  [0m] Started Execute cloud user/final scripts.
[[0;32m  OK  [0m] Reached target Cloud-init target.

Ubuntu 18.04.2 LTS ubuntu-bionic ttyS0

ubuntu-bionic login: [[0;32m  OK  [0m] Stopped target Host and Network Name Lookups.
         Stopping Availability of block devices...
         Stopping Authorization Manager...
         Stopping Session 6 of user vagrant.
[[0;32m  OK  [0m] Stopped target Cloud-init target.
         Stopping User Manager for UID 1000...
[[0;32m  OK  [0m] Stopped target Timers.
[[0;32m  OK  [0m] Stopped Daily apt upgrade and clean activities.
[[0;32m  OK  [0m] Stopped Daily Cleanup of Temporary Directories.
[[0;32m  OK  [0m] Stopped target Graphical Interface.
         Stopping Accounts Service...
[[0;32m  OK  [0m] Stopped Discard unused blocks once a week.
[[         Stopping OpenBSD Secure Shell server...
[[0;32m  OK  [0m] Unmounted /var/lib/lxcfs.
[[0;32m  OK  [0m] Stopped Accounts Service.
[[0;32m  OK  [0m] Stopped System Logging Service.
[[0;32m  OK  [0m] Stopped irqbalance daemon.
[[0;32m  OK  [0m] Stopped Deferred execution scheduler.
[[0;32m  OK  [0m] Stopped Dispatcher daemon for systemd-networkd.
[[0;32m  OK  [0m] Stopped Regular background program processing daemon.
[[0;32m  OK  [0m] Stopped Serial Getty on ttyS0.
[[0;32m  OK  [0m] Stopped Getty on tty1.
[[0;32m  OK  [0m] Stopped Unattended Upgrades Shutdown.
[[0;32m  OK  [0m] Stopped Authorization Manager.
[[0;32m  OK  [0m] Stopped OpenBSD Secure Shell server.
[[0;32m  OK  [0m] Stopped User Manager for UID 1000.
[[0;32m  OK  [0m] Stopped Availability of block devices.
[[0;32m  OK  [0m] Stopped D-Bus System Message Bus.
[[0;32m  OK  [0m] Stopped FUSE filesystem for LXC.
[[0;32m  OK  [0m] Stopped Session 6 of user vagrant.
[[0;32m  OK  [0m] Removed slice User Slice of vagrant.
         Stopping Login Service...
[[0;32m  OK  [0m] Removed slice system-getty.slice.
[[0;32m  OK  [0m] Removed slice system-serial\x2dgetty.slice.
         Stopping Permit User Sessions...
[[0;32m  OK  [0m] Stopped Login Service.
[[0;32m  OK  [0m] Stopped vboxadd-service.service.
[[0;32m  OK  [0m] Stopped LXD - container startup/shutdown.
[[0;32m  OK  [0m] Stopped Permit User Sessions.
[[0;32m  OK  [0m] Stopped target Network.
         Stopping Network Name Resolution...
         Stopping vboxadd.service...
[[0;32m  OK  [0m] Stopped target User and Group Name Lookups.
[[0;32m  OK  [0m] Stopped LSB: automatic crash report generation.
[[0;32m  OK  [0m] Stopped Network Name Resolution.
[[0;32m  OK  [0m] Unmounted /vagrant.
[[0;32m  OK  [0m] Stopped LSB: Record successful boot for GRUB.
[[0;32m  OK  [0m] Stopped vboxadd.service.
         Stopping Network Service...
[[0;32m  OK  [0m] Stopped target Basic System.
[[0;32m  OK  [0m] Stopped target Paths.
[[0;32m  OK  [0m] Stopped ACPI Events Check.
[[0;32m  OK  [0m] Stopped target Sockets.
[[0;32m  OK  [0m] Closed UUID daemon activation socket.
[[0;32m  OK  [0m] Closed ACPID Listen Socket.
[[0;32m  OK  [0m] Closed Syslog Socket.
[[0;32m  OK  [0m] Closed LXD - unix socket.
[[0;32m  OK  [0m] Closed Open-iSCSI iscsid Socket.
[[0;32m  OK  [0m] Closed D-Bus System Message Bus Socket.
[[0;32m  OK  [0m] Closed Socket activation for snappy daemon.
[[0;32m  OK  [0m] Stopped target System Initialization.
[[0;32m  OK  [0m] Stopped target Local Encrypted Volumes.
[[0;32m  OK  [0m] Stopped Dispatch Password Requests to Console Directory Watch.
[[0;32m  OK  [0m] Stopped Forward Password Requests to Wall Directory Watch.
         Stopping Load/Save Random Seed...
[[0;32m  OK  [0m] Stopped Initial cloud-init job (metadata service crawler).
         Stopping Update UTMP about System Boot/Shutdown...
[[0;32m  OK  [0m] Stopped target Slices.
[[0;32m  OK  [0m] Removed slice User and Session Slice.
[[0;32m  OK  [0m] Stopped target Remote File Systems.
[[0;32m  OK  [0m] Stopped target Remote File Systems (Pre).
[[0;32m  OK  [0m] Stopped Network Service.
[[0;32m  OK  [0m] Stopped Load/Save Random Seed.
[[0;32m  OK  [0m] Stopped target Network (Pre).
[[0;32m  OK  [0m] Stopped Initial cloud-init job (pre-networking).
[[0;32m  OK  [0m] Stopped Apply Kernel Variables.
[[0;32m  OK  [0m] Stopped Load Kernel Modules.
[[0;32m  OK  [0m] Stopped Update UTMP about System Boot/Shutdown.
[[0;32m  OK  [0m] Stopped Create Volatile Files and Directories.
[[0;32m  OK  [0m] Stopped target Local File Systems.
         Unmounting /run/user/1000...
[[0;32m  OK  [0m] Unmounted /run/user/1000.
[[0;32m  OK  [0m] Reached target Unmount All Filesystems.
[[0;32m  OK  [0m] Stopped target Swap.
[[0;32m  OK  [0m] Stopped target Local File Systems (Pre).
         Stopping Monitoring of LVM2 mirrors…ng dmeventd or progress polling...
[[0;32m  OK  [0m] Stopped Remount Root and Kernel File Systems.
[[0;32m  OK  [0m] Stopped Create Static Device Nodes in /dev.
[[0;32m  OK  [0m] Reached target Shutdown.
[[0;32m  OK  [0m] Reached target Final Step.
         Starting Power-Off...
[ 1244.853146] reboot: Power down
